0 info it worked if it ends with ok
1 verbose cli [ 'node', '/usr/local/bin/npm', 'install' ]
2 info using npm@1.4.28
3 info using node@v0.10.32
4 verbose readDependencies using package.json deps
5 verbose install where, deps [ '/Users/felipebatista/Desktop/SheetSync',
5 verbose install   [ 'gulp', 'gulp-stylus' ] ]
6 info preinstall SheetSync@0.0.1
7 verbose readDependencies using package.json deps
8 verbose cache add [ 'gulp@^3.8.10', null ]
9 verbose cache add name=undefined spec="gulp@^3.8.10" args=["gulp@^3.8.10",null]
10 verbose parsed url { protocol: null,
10 verbose parsed url   slashes: null,
10 verbose parsed url   auth: null,
10 verbose parsed url   host: null,
10 verbose parsed url   port: null,
10 verbose parsed url   hostname: null,
10 verbose parsed url   hash: null,
10 verbose parsed url   search: null,
10 verbose parsed url   query: null,
10 verbose parsed url   pathname: 'gulp@^3.8.10',
10 verbose parsed url   path: 'gulp@^3.8.10',
10 verbose parsed url   href: 'gulp@^3.8.10' }
11 verbose cache add [ 'gulp-stylus@^1.3.4', null ]
12 verbose cache add name=undefined spec="gulp-stylus@^1.3.4" args=["gulp-stylus@^1.3.4",null]
13 verbose parsed url { protocol: null,
13 verbose parsed url   slashes: null,
13 verbose parsed url   auth: null,
13 verbose parsed url   host: null,
13 verbose parsed url   port: null,
13 verbose parsed url   hostname: null,
13 verbose parsed url   hash: null,
13 verbose parsed url   search: null,
13 verbose parsed url   query: null,
13 verbose parsed url   pathname: 'gulp-stylus@^1.3.4',
13 verbose parsed url   path: 'gulp-stylus@^1.3.4',
13 verbose parsed url   href: 'gulp-stylus@^1.3.4' }
14 verbose cache add name="gulp" spec="^3.8.10" args=["gulp","^3.8.10"]
15 verbose parsed url { protocol: null,
15 verbose parsed url   slashes: null,
15 verbose parsed url   auth: null,
15 verbose parsed url   host: null,
15 verbose parsed url   port: null,
15 verbose parsed url   hostname: null,
15 verbose parsed url   hash: null,
15 verbose parsed url   search: null,
15 verbose parsed url   query: null,
15 verbose parsed url   pathname: '^3.8.10',
15 verbose parsed url   path: '^3.8.10',
15 verbose parsed url   href: '^3.8.10' }
16 verbose addNamed [ 'gulp', '^3.8.10' ]
17 verbose addNamed [ null, '>=3.8.10-0 <4.0.0-0' ]
18 verbose cache add name="gulp-stylus" spec="^1.3.4" args=["gulp-stylus","^1.3.4"]
19 verbose parsed url { protocol: null,
19 verbose parsed url   slashes: null,
19 verbose parsed url   auth: null,
19 verbose parsed url   host: null,
19 verbose parsed url   port: null,
19 verbose parsed url   hostname: null,
19 verbose parsed url   hash: null,
19 verbose parsed url   search: null,
19 verbose parsed url   query: null,
19 verbose parsed url   pathname: '^1.3.4',
19 verbose parsed url   path: '^1.3.4',
19 verbose parsed url   href: '^1.3.4' }
20 verbose addNamed [ 'gulp-stylus', '^1.3.4' ]
21 verbose addNamed [ null, '>=1.3.4-0 <2.0.0-0' ]
22 silly lockFile 25b88f7b-gulp-3-8-10 gulp@^3.8.10
23 verbose lock gulp@^3.8.10 /Users/felipebatista/.npm/25b88f7b-gulp-3-8-10.lock
24 silly lockFile e27edef3-gulp-stylus-1-3-4 gulp-stylus@^1.3.4
25 verbose lock gulp-stylus@^1.3.4 /Users/felipebatista/.npm/e27edef3-gulp-stylus-1-3-4.lock
26 silly addNameRange { name: 'gulp-stylus',
26 silly addNameRange   range: '>=1.3.4-0 <2.0.0-0',
26 silly addNameRange   hasData: false }
27 silly addNameRange { name: 'gulp', range: '>=3.8.10-0 <4.0.0-0', hasData: false }
28 verbose request where is /gulp-stylus
29 verbose request registry https://registry.npmjs.org/
30 verbose request id 9664e5fb4c349244
31 verbose url raw /gulp-stylus
32 verbose url resolving [ 'https://registry.npmjs.org/', './gulp-stylus' ]
33 verbose url resolved https://registry.npmjs.org/gulp-stylus
34 verbose request where is https://registry.npmjs.org/gulp-stylus
35 info trying registry request attempt 1 at 12:39:58
36 verbose etag "BHOM4ZEHV5H9TPAS717WIY6X1"
37 http GET https://registry.npmjs.org/gulp-stylus
38 verbose request where is /gulp
39 verbose request registry https://registry.npmjs.org/
40 verbose url raw /gulp
41 verbose url resolving [ 'https://registry.npmjs.org/', './gulp' ]
42 verbose url resolved https://registry.npmjs.org/gulp
43 verbose request where is https://registry.npmjs.org/gulp
44 info trying registry request attempt 1 at 12:39:58
45 verbose etag "1HUH850ECPQQZX1BIKLVQPYLK"
46 http GET https://registry.npmjs.org/gulp
47 http 200 https://registry.npmjs.org/gulp
48 silly registry.get cb [ 200,
48 silly registry.get   { date: 'Wed, 05 Nov 2014 20:39:58 GMT',
48 silly registry.get     server: 'CouchDB/1.5.0 (Erlang OTP/R14B04)',
48 silly registry.get     etag: '"8FIG7CJ3YGULA0FTLNHXSUPWZ"',
48 silly registry.get     'content-type': 'application/json',
48 silly registry.get     'cache-control': 'max-age=60',
48 silly registry.get     'content-length': '95446',
48 silly registry.get     'accept-ranges': 'bytes',
48 silly registry.get     via: '1.1 varnish',
48 silly registry.get     age: '53',
48 silly registry.get     'x-served-by': 'cache-sjc3121-SJC',
48 silly registry.get     'x-cache': 'HIT',
48 silly registry.get     'x-cache-hits': '1',
48 silly registry.get     'x-timer': 'S1415219998.372713,VS0,VE0',
48 silly registry.get     vary: 'Accept',
48 silly registry.get     'keep-alive': 'timeout=10, max=50',
48 silly registry.get     connection: 'Keep-Alive' } ]
49 silly addNameRange number 2 { name: 'gulp', range: '>=3.8.10-0 <4.0.0-0', hasData: true }
50 silly addNameRange versions [ 'gulp',
50 silly addNameRange   [ '0.0.1',
50 silly addNameRange     '0.0.2',
50 silly addNameRange     '0.0.3',
50 silly addNameRange     '0.0.4',
50 silly addNameRange     '0.0.5',
50 silly addNameRange     '0.0.7',
50 silly addNameRange     '0.0.8',
50 silly addNameRange     '0.0.9',
50 silly addNameRange     '0.1.0',
50 silly addNameRange     '0.2.0',
50 silly addNameRange     '1.0.0',
50 silly addNameRange     '1.1.0',
50 silly addNameRange     '1.2.0',
50 silly addNameRange     '1.2.1',
50 silly addNameRange     '2.0.0',
50 silly addNameRange     '2.0.1',
50 silly addNameRange     '2.1.0',
50 silly addNameRange     '2.2.0',
50 silly addNameRange     '2.3.0',
50 silly addNameRange     '2.4.0',
50 silly addNameRange     '2.4.1',
50 silly addNameRange     '2.6.0',
50 silly addNameRange     '2.6.1',
50 silly addNameRange     '2.7.0',
50 silly addNameRange     '3.0.0',
50 silly addNameRange     '3.1.1',
50 silly addNameRange     '3.1.2',
50 silly addNameRange     '3.1.3',
50 silly addNameRange     '3.1.4',
50 silly addNameRange     '3.2.0',
50 silly addNameRange     '3.2.1',
50 silly addNameRange     '3.2.2',
50 silly addNameRange     '3.2.3',
50 silly addNameRange     '3.2.4',
50 silly addNameRange     '3.2.5',
50 silly addNameRange     '3.3.0',
50 silly addNameRange     '3.3.1',
50 silly addNameRange     '3.3.2',
50 silly addNameRange     '3.3.4',
50 silly addNameRange     '3.4.0',
50 silly addNameRange     '3.5.0',
50 silly addNameRange     '3.5.1',
50 silly addNameRange     '3.5.2',
50 silly addNameRange     '3.5.5',
50 silly addNameRange     '3.5.6',
50 silly addNameRange     '3.6.0',
50 silly addNameRange     '3.6.1',
50 silly addNameRange     '3.6.2',
50 silly addNameRange     '3.7.0',
50 silly addNameRange     '3.8.0',
50 silly addNameRange     '3.8.1',
50 silly addNameRange     '3.8.2',
50 silly addNameRange     '3.8.3',
50 silly addNameRange     '3.8.4',
50 silly addNameRange     '3.8.5',
50 silly addNameRange     '3.8.6',
50 silly addNameRange     '3.8.7',
50 silly addNameRange     '3.8.8',
50 silly addNameRange     '3.8.9',
50 silly addNameRange     '3.8.10' ] ]
51 verbose addNamed [ 'gulp', '3.8.10' ]
52 verbose addNamed [ '3.8.10', '3.8.10' ]
53 silly lockFile f843d0d7-gulp-3-8-10 gulp@3.8.10
54 verbose lock gulp@3.8.10 /Users/felipebatista/.npm/f843d0d7-gulp-3-8-10.lock
55 silly lockFile b3287162-y-npmjs-org-gulp-gulp-3-8-10-tgz https://registry.npmjs.org/gulp/-/gulp-3.8.10.tgz
56 verbose lock https://registry.npmjs.org/gulp/-/gulp-3.8.10.tgz /Users/felipebatista/.npm/b3287162-y-npmjs-org-gulp-gulp-3-8-10-tgz.lock
57 verbose addRemoteTarball [ 'https://registry.npmjs.org/gulp/-/gulp-3.8.10.tgz',
57 verbose addRemoteTarball   'bfb8fc156be97820f02a7f8b3af61a86666f9e31' ]
58 info retry fetch attempt 1 at 12:39:58
59 verbose fetch to= /var/folders/90/5dqg4cld7dl728h2f2_ps7xc0000gn/T/npm-3001-UCK0Dsd2/registry.npmjs.org/gulp/-/gulp-3.8.10.tgz
60 http GET https://registry.npmjs.org/gulp/-/gulp-3.8.10.tgz
61 http 200 https://registry.npmjs.org/gulp/-/gulp-3.8.10.tgz
62 silly lockFile b3287162-y-npmjs-org-gulp-gulp-3-8-10-tgz https://registry.npmjs.org/gulp/-/gulp-3.8.10.tgz
63 silly lockFile b3287162-y-npmjs-org-gulp-gulp-3-8-10-tgz https://registry.npmjs.org/gulp/-/gulp-3.8.10.tgz
64 silly lockFile f843d0d7-gulp-3-8-10 gulp@3.8.10
65 silly lockFile f843d0d7-gulp-3-8-10 gulp@3.8.10
66 silly lockFile 25b88f7b-gulp-3-8-10 gulp@^3.8.10
67 silly lockFile 25b88f7b-gulp-3-8-10 gulp@^3.8.10
68 http 200 https://registry.npmjs.org/gulp-stylus
69 silly registry.get cb [ 200,
69 silly registry.get   { date: 'Wed, 05 Nov 2014 20:39:58 GMT',
69 silly registry.get     server: 'CouchDB/1.5.0 (Erlang OTP/R16B03)',
69 silly registry.get     etag: '"EGL09AQ9POBZ6WORUI7F0VYIO"',
69 silly registry.get     'content-type': 'application/json',
69 silly registry.get     'cache-control': 'max-age=60',
69 silly registry.get     'content-length': '34942',
69 silly registry.get     'accept-ranges': 'bytes',
69 silly registry.get     via: '1.1 varnish',
69 silly registry.get     age: '0',
69 silly registry.get     'x-served-by': 'cache-sjc3134-SJC',
69 silly registry.get     'x-cache': 'HIT',
69 silly registry.get     'x-cache-hits': '1',
69 silly registry.get     'x-timer': 'S1415219998.699129,VS0,VE90',
69 silly registry.get     vary: 'Accept',
69 silly registry.get     'keep-alive': 'timeout=10, max=50',
69 silly registry.get     connection: 'Keep-Alive' } ]
70 silly addNameRange number 2 { name: 'gulp-stylus',
70 silly addNameRange   range: '>=1.3.4-0 <2.0.0-0',
70 silly addNameRange   hasData: true }
71 silly addNameRange versions [ 'gulp-stylus',
71 silly addNameRange   [ '0.0.2',
71 silly addNameRange     '0.0.3',
71 silly addNameRange     '0.0.4',
71 silly addNameRange     '0.0.5',
71 silly addNameRange     '0.0.7',
71 silly addNameRange     '0.0.9',
71 silly addNameRange     '0.0.10',
71 silly addNameRange     '0.0.11',
71 silly addNameRange     '0.0.12',
71 silly addNameRange     '0.0.13',
71 silly addNameRange     '0.0.14',
71 silly addNameRange     '0.1.0',
71 silly addNameRange     '0.2.0',
71 silly addNameRange     '0.2.1',
71 silly addNameRange     '1.0.0',
71 silly addNameRange     '1.0.1',
71 silly addNameRange     '1.0.2',
71 silly addNameRange     '1.0.3',
71 silly addNameRange     '1.0.4',
71 silly addNameRange     '1.0.5',
71 silly addNameRange     '1.1.0',
71 silly addNameRange     '1.3.0',
71 silly addNameRange     '1.3.2',
71 silly addNameRange     '1.3.3',
71 silly addNameRange     '1.3.4' ] ]
72 verbose addNamed [ 'gulp-stylus', '1.3.4' ]
73 verbose addNamed [ '1.3.4', '1.3.4' ]
74 silly lockFile 17745587-gulp-stylus-1-3-4 gulp-stylus@1.3.4
75 verbose lock gulp-stylus@1.3.4 /Users/felipebatista/.npm/17745587-gulp-stylus-1-3-4.lock
76 silly lockFile 566ae793-ulp-stylus-gulp-stylus-1-3-4-tgz https://registry.npmjs.org/gulp-stylus/-/gulp-stylus-1.3.4.tgz
77 verbose lock https://registry.npmjs.org/gulp-stylus/-/gulp-stylus-1.3.4.tgz /Users/felipebatista/.npm/566ae793-ulp-stylus-gulp-stylus-1-3-4-tgz.lock
78 verbose addRemoteTarball [ 'https://registry.npmjs.org/gulp-stylus/-/gulp-stylus-1.3.4.tgz',
78 verbose addRemoteTarball   '3fdf8ce00eb71466e6d2295ae42f6c8eded8dde2' ]
79 info retry fetch attempt 1 at 12:39:59
80 verbose fetch to= /var/folders/90/5dqg4cld7dl728h2f2_ps7xc0000gn/T/npm-3001-UCK0Dsd2/registry.npmjs.org/gulp-stylus/-/gulp-stylus-1.3.4.tgz
81 http GET https://registry.npmjs.org/gulp-stylus/-/gulp-stylus-1.3.4.tgz
82 http 200 https://registry.npmjs.org/gulp-stylus/-/gulp-stylus-1.3.4.tgz
83 silly lockFile 566ae793-ulp-stylus-gulp-stylus-1-3-4-tgz https://registry.npmjs.org/gulp-stylus/-/gulp-stylus-1.3.4.tgz
84 silly lockFile 566ae793-ulp-stylus-gulp-stylus-1-3-4-tgz https://registry.npmjs.org/gulp-stylus/-/gulp-stylus-1.3.4.tgz
85 silly lockFile 17745587-gulp-stylus-1-3-4 gulp-stylus@1.3.4
86 silly lockFile 17745587-gulp-stylus-1-3-4 gulp-stylus@1.3.4
87 silly lockFile e27edef3-gulp-stylus-1-3-4 gulp-stylus@^1.3.4
88 silly lockFile e27edef3-gulp-stylus-1-3-4 gulp-stylus@^1.3.4
89 error Error: EACCES, mkdir '/Users/felipebatista/.npm/gulp/3.8.10'
89 error  { [Error: EACCES, mkdir '/Users/felipebatista/.npm/gulp/3.8.10']
89 error   errno: 3,
89 error   code: 'EACCES',
89 error   path: '/Users/felipebatista/.npm/gulp/3.8.10',
89 error   parent: 'SheetSync' }
90 error Please try running this command again as root/Administrator.
91 error System Darwin 14.0.0
92 error command "node" "/usr/local/bin/npm" "install"
93 error cwd /Users/felipebatista/Desktop/SheetSync
94 error node -v v0.10.32
95 error npm -v 1.4.28
96 error path /Users/felipebatista/.npm/gulp/3.8.10
97 error code EACCES
98 error errno 3
99 error stack Error: EACCES, mkdir '/Users/felipebatista/.npm/gulp/3.8.10'
100 verbose exit [ 3, true ]
